Using pre-set license
Desktop is 1920 x 1080 @ 60 Hz

 COMMAND LINE ARGUMENTS:
Unity
-adb2
-batchMode
-noUpm
-name
AssetImportWorker0
-projectPath
/home/vadim/Unity/New Unity Project
-logFile
Logs/AssetImportWorker0.log
-srvPort
36429
Successfully changed project path to: /home/vadim/Unity/New Unity Project
/home/vadim/Unity/New Unity Project
Using Asset Import Pipeline V2.
Refreshing native plugins compatible for Editor in 43,98 ms, found 1 plugins.
Preloading 0 native plugins for Editor in 0,00 ms.
Initialize engine version: 2020.3.4f1 (0abb6314276a)
[Subsystems] Discovering subsystems at path /home/vadim/Unity/Hub/Editor/2020.3.4f1/Editor/Data/Resources/UnitySubsystems
[Subsystems] Discovering subsystems at path /home/vadim/Unity/New Unity Project/Assets
GLX Extensions: GLX_ARB_create_context GLX_ARB_create_context_no_error GLX_ARB_create_context_profile GLX_ARB_create_context_robustness GLX_ARB_fbconfig_float GLX_ARB_framebuffer_sRGB GLX_ARB_get_proc_address GLX_ARB_multisample GLX_EXT_buffer_age GLX_EXT_create_context_es2_profile GLX_EXT_create_context_es_profile GLX_EXT_fbconfig_packed_float GLX_EXT_framebuffer_sRGB GLX_EXT_import_context GLX_EXT_texture_from_pixmap GLX_EXT_visual_info GLX_EXT_visual_rating GLX_INTEL_swap_event GLX_MESA_copy_sub_buffer GLX_MESA_query_renderer GLX_MESA_swap_control GLX_OML_swap_method GLX_OML_sync_control GLX_SGIS_multisample GLX_SGIX_fbconfig GLX_SGIX_pbuffer GLX_SGIX_visual_select_group GLX_SGI_make_current_read GLX_SGI_swap_control GLX_SGI_video_sync 
Renderer: Mesa Intel(R) UHD Graphics 620 (KBL GT2)
Vendor:   Intel
Version:  4.6 (Core Profile) Mesa 20.2.6
GLES:     0
 GL_3DFX_texture_compression_FXT1 GL_AMD_conservative_depth GL_AMD_depth_clamp_separate GL_AMD_draw_buffers_blend GL_AMD_gpu_shader_int64 GL_AMD_multi_draw_indirect GL_AMD_performance_monitor GL_AMD_pinned_memory GL_AMD_query_buffer_object GL_AMD_seamless_cubemap_per_texture GL_AMD_shader_stencil_export GL_AMD_shader_trinary_minmax GL_AMD_texture_texture4 GL_AMD_vertex_shader_layer GL_AMD_vertex_shader_viewport_index GL_ANGLE_texture_compression_dxt3 GL_ANGLE_texture_compression_dxt5 GL_ARB_ES2_compatibility GL_ARB_ES3_1_compatibility GL_ARB_ES3_2_compatibility GL_ARB_ES3_compatibility GL_ARB_arrays_of_arrays GL_ARB_base_instance GL_ARB_blend_func_extended GL_ARB_buffer_storage GL_ARB_clear_buffer_object GL_ARB_clear_texture GL_ARB_clip_control GL_ARB_compressed_texture_pixel_storage GL_ARB_compute_shader GL_ARB_compute_variable_group_size GL_ARB_conditional_render_inverted GL_ARB_conservative_depth GL_ARB_copy_buffer GL_ARB_copy_image GL_ARB_cull_distance GL_ARB_debug_output GL_ARB_depth_buffer_float GL_ARB
_depth_clamp GL_ARB_derivative_control GL_ARB_direct_state_access GL_ARB_draw_buffers GL_ARB_draw_buffers_blend GL_ARB_draw_elements_base_vertex GL_ARB_draw_indirect GL_ARB_draw_instanced GL_ARB_enhanced_layouts GL_ARB_explicit_attrib_location GL_ARB_explicit_uniform_location GL_ARB_fragment_coord_conventions GL_ARB_fragment_layer_viewport GL_ARB_fragment_shader GL_ARB_fragment_shader_interlock GL_ARB_framebuffer_no_attachments GL_ARB_framebuffer_object GL_ARB_framebuffer_sRGB GL_ARB_get_program_binary GL_ARB_get_texture_sub_image GL_ARB_gl_spirv GL_ARB_gpu_shader5 GL_ARB_gpu_shader_fp64 GL_ARB_gpu_shader_int64 GL_ARB_half_float_pixel GL_ARB_half_float_vertex GL_ARB_indirect_parameters GL_ARB_instanced_arrays GL_ARB_internalformat_query GL_ARB_internalformat_query2 GL_ARB_invalidate_subdata GL_ARB_map_buffer_alignment GL_ARB_map_buffer_range GL_ARB_multi_bind GL_ARB_multi_draw_indirect GL_ARB_occlusion_query2 GL_ARB_parallel_shader_compile GL_ARB_pipeline_statistics_query GL_ARB_pixel_buffer_object GL_ARB_po
int_sprite GL_ARB_polygon_offset_clamp GL_ARB_post_depth_coverage GL_ARB_program_interface_query GL_ARB_provoking_vertex GL_ARB_query_buffer_object GL_ARB_robust_buffer_access_behavior GL_ARB_robustness GL_ARB_sample_shading GL_ARB_sampler_objects GL_ARB_seamless_cube_map GL_ARB_seamless_cubemap_per_texture GL_ARB_separate_shader_objects GL_ARB_shader_atomic_counter_ops GL_ARB_shader_atomic_counters GL_ARB_shader_ballot GL_ARB_shader_bit_encoding GL_ARB_shader_clock GL_ARB_shader_draw_parameters GL_ARB_shader_group_vote GL_ARB_shader_image_load_store GL_ARB_shader_image_size GL_ARB_shader_objects GL_ARB_shader_precision GL_ARB_shader_stencil_export GL_ARB_shader_storage_buffer_object GL_ARB_shader_subroutine GL_ARB_shader_texture_image_samples GL_ARB_shader_texture_lod GL_ARB_shader_viewport_layer_array GL_ARB_shading_language_420pack GL_ARB_shading_language_include GL_ARB_shading_language_packing GL_ARB_spirv_extensions GL_ARB_stencil_texturing GL_ARB_sync GL_ARB_tessellation_shader GL_ARB_texture_barrier G
L_ARB_texture_buffer_object GL_ARB_texture_buffer_object_rgb32 GL_ARB_texture_buffer_range GL_ARB_texture_compression_bptc GL_ARB_texture_compression_rgtc GL_ARB_texture_cube_map_array GL_ARB_texture_filter_anisotropic GL_ARB_texture_float GL_ARB_texture_gather GL_ARB_texture_mirror_clamp_to_edge GL_ARB_texture_multisample GL_ARB_texture_non_power_of_two GL_ARB_texture_query_levels GL_ARB_texture_query_lod GL_ARB_texture_rectangle GL_ARB_texture_rg GL_ARB_texture_rgb10_a2ui GL_ARB_texture_stencil8 GL_ARB_texture_storage GL_ARB_texture_storage_multisample GL_ARB_texture_swizzle GL_ARB_texture_view GL_ARB_timer_query GL_ARB_transform_feedback2 GL_ARB_transform_feedback3 GL_ARB_transform_feedback_instanced GL_ARB_transform_feedback_overflow_query GL_ARB_uniform_buffer_object GL_ARB_vertex_array_bgra GL_ARB_vertex_array_object GL_ARB_vertex_attrib_64bit GL_ARB_vertex_attrib_binding GL_ARB_vertex_buffer_object GL_ARB_vertex_shader GL_ARB_vertex_type_10f_11f_11f_rev GL_ARB_vertex_type_2_10_10_10_rev GL_ARB_viewpor
t_array GL_ATI_blend_equation_separate GL_ATI_texture_float GL_EXT_EGL_image_storage GL_EXT_EGL_sync GL_EXT_abgr GL_EXT_blend_equation_separate GL_EXT_demote_to_helper_invocation GL_EXT_draw_buffers2 GL_EXT_draw_instanced GL_EXT_framebuffer_blit GL_EXT_framebuffer_multisample GL_EXT_framebuffer_multisample_blit_scaled GL_EXT_framebuffer_object GL_EXT_framebuffer_sRGB GL_EXT_packed_depth_stencil GL_EXT_packed_float GL_EXT_pixel_buffer_object GL_EXT_polygon_offset_clamp GL_EXT_provoking_vertex GL_EXT_shader_framebuffer_fetch GL_EXT_shader_framebuffer_fetch_non_coherent GL_EXT_shader_integer_mix GL_EXT_shader_samples_identical GL_EXT_texture_array GL_EXT_texture_compression_dxt1 GL_EXT_texture_compression_rgtc GL_EXT_texture_compression_s3tc GL_EXT_texture_filter_anisotropic GL_EXT_texture_integer GL_EXT_texture_sRGB GL_EXT_texture_sRGB_R8 GL_EXT_texture_sRGB_decode GL_EXT_texture_shadow_lod GL_EXT_texture_shared_exponent GL_EXT_texture_snorm GL_EXT_texture_swizzle GL_EXT_timer_query GL_EXT_transform_feedback G
L_EXT_vertex_array_bgra GL_EXT_vertex_attrib_64bit GL_IBM_multimode_draw_arrays GL_INTEL_blackhole_render GL_INTEL_conservative_rasterization GL_INTEL_performance_query GL_INTEL_shader_atomic_float_minmax GL_INTEL_shader_integer_functions2 GL_KHR_blend_equation_advanced GL_KHR_blend_equation_advanced_coherent GL_KHR_context_flush_control GL_KHR_debug GL_KHR_no_error GL_KHR_parallel_shader_compile GL_KHR_robust_buffer_access_behavior GL_KHR_robustness GL_KHR_texture_compression_astc_ldr GL_KHR_texture_compression_astc_sliced_3d GL_MESA_framebuffer_flip_y GL_MESA_pack_invert GL_MESA_shader_integer_functions GL_MESA_texture_signed_rgba GL_NV_compute_shader_derivatives GL_NV_conditional_render GL_NV_copy_image GL_NV_depth_clamp GL_NV_fragment_shader_interlock GL_NV_packed_depth_stencil GL_NV_texture_barrier GL_OES_EGL_image GL_S3_s3tc
OPENGL LOG: Creating OpenGL 4.6 graphics device ; Context level  <OpenGL 4.5> ; Context handle -929250112
Initialize mono
Mono path[0] = '/home/vadim/Unity/Hub/Editor/2020.3.4f1/Editor/Data/Managed'
Mono path[1] = '/home/vadim/Unity/Hub/Editor/2020.3.4f1/Editor/Data/MonoBleedingEdge/lib/mono/unityjit'
Mono config path = '/home/vadim/Unity/Hub/Editor/2020.3.4f1/Editor/Data/MonoBleedingEdge/etc'
Using monoOptions --debugger-agent=transport=dt_socket,embedding=1,server=y,suspend=n,address=127.0.0.1:56508
Begin MonoManager ReloadAssembly
Registering precompiled unity dll's ...
Register platform support module: /home/vadim/Unity/Hub/Editor/2020.3.4f1/Editor/Data/PlaybackEngines/LinuxStandaloneSupport/UnityEditor.LinuxStandalone.Extensions.dll
Registered in 0,022472 seconds.
Native extension for LinuxStandalone target not found
Refreshing native plugins compatible for Editor in 36,75 ms, found 1 plugins.
Preloading 0 native plugins for Editor in 0,00 ms.
Mono: successfully reloaded assembly
- Completed reload, in  1,922 seconds
Platform modules already initialized, skipping
Registering precompiled user dll's ...
Registered in 0,000723 seconds.
Begin MonoManager ReloadAssembly
Native extension for LinuxStandalone target not found
Refreshing native plugins compatible for Editor in 35,34 ms, found 1 plugins.
Preloading 0 native plugins for Editor in 0,00 ms.
Mono: successfully reloaded assembly
- Completed reload, in  1,663 seconds
Platform modules already initialized, skipping
========================================================================
Worker process is ready to serve import requests
Launched and connected shader compiler UnityShaderCompiler after 0.06 seconds
Refreshing native plugins compatible for Editor in 0,42 ms, found 1 plugins.
Preloading 0 native plugins for Editor in 0,00 ms.
Unloading 1809 Unused Serialized files (Serialized files now loaded: 0)
System memory in use before: 79,1 MB.
System memory in use after: 79,1 MB.

Unloading 24 unused Assets to reduce memory usage. Loaded Objects now: 2251.
Total: 4,026211 ms (FindLiveObjects: 0,284891 ms CreateObjectMapping: 0,150609 ms MarkObjects: 3,213497 ms  DeleteObjects: 0,375115 ms)

========================================================================
Received Import Request.
  path: Assets/Resources/1234567.png
  artifactKey: Guid(6ec39a590dc7cbb6895322ea2d890074) Importer(815301076,1909f56bfc062723c751e8b465ee728b)
Start importing Assets/Resources/1234567.png using Guid(6ec39a590dc7cbb6895322ea2d890074) Importer(815301076,1909f56bfc062723c751e8b465ee728b)  -> (artifact id: 'd29ec746f5c0149ae67ebc055459a5dc') in 0,336516 seconds
  Import took 0,347757 seconds .

========================================================================
Received Import Request.
  Time since last request: 0,014494 seconds.
  path: Assets/Resources/1234567.png
  artifactKey: Guid(6ec39a590dc7cbb6895322ea2d890074) Importer(815301076,1909f56bfc062723c751e8b465ee728b)
Start importing Assets/Resources/1234567.png using Guid(6ec39a590dc7cbb6895322ea2d890074) Importer(815301076,1909f56bfc062723c751e8b465ee728b)  -> (artifact id: 'd29ec746f5c0149ae67ebc055459a5dc') in 0,009227 seconds
  Import took 0,014017 seconds .

========================================================================
Received Import Request.
  Time since last request: 24,804341 seconds.
  path: Assets/Resources/kit_edinorog.png
  artifactKey: Guid(110a323af49440ee78373cab0a06f1b0) Importer(815301076,1909f56bfc062723c751e8b465ee728b)
Start importing Assets/Resources/kit_edinorog.png using Guid(110a323af49440ee78373cab0a06f1b0) Importer(815301076,1909f56bfc062723c751e8b465ee728b)  -> (artifact id: 'e0a87ab33f610cb392d0bb29b5a830f4') in 0,056970 seconds
  Import took 0,063454 seconds .

========================================================================
Received Import Request.
  Time since last request: 0,011051 seconds.
  path: Assets/Resources/kit_edinorog.png
  artifactKey: Guid(110a323af49440ee78373cab0a06f1b0) Importer(815301076,1909f56bfc062723c751e8b465ee728b)
Start importing Assets/Resources/kit_edinorog.png using Guid(110a323af49440ee78373cab0a06f1b0) Importer(815301076,1909f56bfc062723c751e8b465ee728b)  -> (artifact id: 'e0a87ab33f610cb392d0bb29b5a830f4') in 0,008162 seconds
  Import took 0,011602 seconds .

========================================================================
Received Import Request.
  Time since last request: 7,182017 seconds.
  path: Assets/Resources/kontur_kita_rozovy_proba.png
  artifactKey: Guid(afa6285b433000978981ef8d70974182) Importer(815301076,1909f56bfc062723c751e8b465ee728b)
Start importing Assets/Resources/kontur_kita_rozovy_proba.png using Guid(afa6285b433000978981ef8d70974182) Importer(815301076,1909f56bfc062723c751e8b465ee728b)  -> (artifact id: '53cd48a598e4db86c172c96de7eb5d78') in 0,008127 seconds
  Import took 0,011329 seconds .

========================================================================
Received Import Request.
  Time since last request: 0,014796 seconds.
  path: Assets/Resources/kontur_kita_rozovy_proba.png
  artifactKey: Guid(afa6285b433000978981ef8d70974182) Importer(815301076,1909f56bfc062723c751e8b465ee728b)
Start importing Assets/Resources/kontur_kita_rozovy_proba.png using Guid(afa6285b433000978981ef8d70974182) Importer(815301076,1909f56bfc062723c751e8b465ee728b)  -> (artifact id: '53cd48a598e4db86c172c96de7eb5d78') in 0,010582 seconds
  Import took 0,014110 seconds .

========================================================================
Received Import Request.
  Time since last request: 178,007409 seconds.
  path: Assets/Resources/kontur_kita_rozovy_proba.png
  artifactKey: Guid(afa6285b433000978981ef8d70974182) Importer(815301076,1909f56bfc062723c751e8b465ee728b)
Start importing Assets/Resources/kontur_kita_rozovy_proba.png using Guid(afa6285b433000978981ef8d70974182) Importer(815301076,1909f56bfc062723c751e8b465ee728b)  -> (artifact id: '8fb17aae72d562bac0fc81cac7022bae') in 0,011098 seconds
  Import took 0,014184 seconds .

========================================================================
Received Import Request.
  Time since last request: 0,011809 seconds.
  path: Assets/Resources/kontur_kita_rozovy_proba.png
  artifactKey: Guid(afa6285b433000978981ef8d70974182) Importer(815301076,1909f56bfc062723c751e8b465ee728b)
Start importing Assets/Resources/kontur_kita_rozovy_proba.png using Guid(afa6285b433000978981ef8d70974182) Importer(815301076,1909f56bfc062723c751e8b465ee728b)  -> (artifact id: '8fb17aae72d562bac0fc81cac7022bae') in 0,009766 seconds
  Import took 0,013492 seconds .

========================================================================
Received Import Request.
  Time since last request: 320,817500 seconds.
  path: Assets/Resources/png.png
  artifactKey: Guid(4abf798d7b99a3b3abcff578e5a5bc91) Importer(815301076,1909f56bfc062723c751e8b465ee728b)
Start importing Assets/Resources/png.png using Guid(4abf798d7b99a3b3abcff578e5a5bc91) Importer(815301076,1909f56bfc062723c751e8b465ee728b)  -> (artifact id: '9bb9a99f78e96318ee8cd3c5cd8e3df2') in 0,039846 seconds
  Import took 0,044789 seconds .

========================================================================
Received Import Request.
  Time since last request: 4353,905707 seconds.
  path: Assets/Resources/pesok3.png
  artifactKey: Guid(238051e805b87aa60a11e967797e28ed) Importer(815301076,1909f56bfc062723c751e8b465ee728b)
Start importing Assets/Resources/pesok3.png using Guid(238051e805b87aa60a11e967797e28ed) Importer(815301076,1909f56bfc062723c751e8b465ee728b)  -> (artifact id: '851526a4c9204bb71c4eeb1df155946c') in 0,021158 seconds
  Import took 0,027802 seconds .

========================================================================
Received Prepare
Registering precompiled user dll's ...
Registered in 0,010716 seconds.
Begin MonoManager ReloadAssembly
Native extension for LinuxStandalone target not found
Refreshing native plugins compatible for Editor in 0,51 ms, found 1 plugins.
Preloading 0 native plugins for Editor in 0,00 ms.
Mono: successfully reloaded assembly
- Completed reload, in  1,013 seconds
Platform modules already initialized, skipping
Refreshing native plugins compatible for Editor in 1,06 ms, found 1 plugins.
Preloading 0 native plugins for Editor in 0,00 ms.
Unloading 1804 Unused Serialized files (Serialized files now loaded: 0)
System memory in use before: 80,4 MB.
System memory in use after: 80,4 MB.

Unloading 12 unused Assets to reduce memory usage. Loaded Objects now: 2263.
Total: 9,772248 ms (FindLiveObjects: 0,577389 ms CreateObjectMapping: 0,309042 ms MarkObjects: 8,520664 ms  DeleteObjects: 0,360455 ms)

========================================================================
Received Prepare
Registering precompiled user dll's ...
Registered in 0,000917 seconds.
Begin MonoManager ReloadAssembly
Native extension for LinuxStandalone target not found
Refreshing native plugins compatible for Editor in 0,34 ms, found 1 plugins.
Preloading 0 native plugins for Editor in 0,00 ms.
Mono: successfully reloaded assembly
- Completed reload, in  0,890 seconds
Platform modules already initialized, skipping
Refreshing native plugins compatible for Editor in 0,35 ms, found 1 plugins.
Preloading 0 native plugins for Editor in 0,00 ms.
Unloading 1804 Unused Serialized files (Serialized files now loaded: 0)
System memory in use before: 80,5 MB.
System memory in use after: 80,4 MB.

Unloading 12 unused Assets to reduce memory usage. Loaded Objects now: 2267.
Total: 2,921001 ms (FindLiveObjects: 0,202522 ms CreateObjectMapping: 0,059247 ms MarkObjects: 2,543105 ms  DeleteObjects: 0,115015 ms)

========================================================================
Received Prepare
Registering precompiled user dll's ...
Registered in 0,000742 seconds.
Begin MonoManager ReloadAssembly
Native extension for LinuxStandalone target not found
Refreshing native plugins compatible for Editor in 0,35 ms, found 1 plugins.
Preloading 0 native plugins for Editor in 0,00 ms.
Mono: successfully reloaded assembly
- Completed reload, in  0,854 seconds
Platform modules already initialized, skipping
Refreshing native plugins compatible for Editor in 0,34 ms, found 1 plugins.
Preloading 0 native plugins for Editor in 0,00 ms.
Unloading 1803 Unused Serialized files (Serialized files now loaded: 0)
System memory in use before: 80,5 MB.
System memory in use after: 80,4 MB.

Unloading 13 unused Assets to reduce memory usage. Loaded Objects now: 2270.
Total: 2,895627 ms (FindLiveObjects: 0,188336 ms CreateObjectMapping: 0,073060 ms MarkObjects: 2,513327 ms  DeleteObjects: 0,119758 ms)

========================================================================
Received Prepare
Registering precompiled user dll's ...
Registered in 0,000815 seconds.
Begin MonoManager ReloadAssembly
Native extension for LinuxStandalone target not found
Refreshing native plugins compatible for Editor in 0,34 ms, found 1 plugins.
Preloading 0 native plugins for Editor in 0,00 ms.
Mono: successfully reloaded assembly
- Completed reload, in  0,868 seconds
Platform modules already initialized, skipping
Refreshing native plugins compatible for Editor in 0,37 ms, found 1 plugins.
Preloading 0 native plugins for Editor in 0,00 ms.
Unloading 1803 Unused Serialized files (Serialized files now loaded: 0)
System memory in use before: 80,5 MB.
System memory in use after: 80,4 MB.

Unloading 12 unused Assets to reduce memory usage. Loaded Objects now: 2274.
Total: 3,292018 ms (FindLiveObjects: 0,229423 ms CreateObjectMapping: 0,084536 ms MarkObjects: 2,852505 ms  DeleteObjects: 0,123793 ms)

========================================================================
Received Import Request.
  Time since last request: 616,180033 seconds.
  path: Assets/Scripts/WhaleUp.cs
  artifactKey: Guid(fec42533cf3f353c0bfd89aa76678176) Importer(815301076,1909f56bfc062723c751e8b465ee728b)
Start importing Assets/Scripts/WhaleUp.cs using Guid(fec42533cf3f353c0bfd89aa76678176) Importer(815301076,1909f56bfc062723c751e8b465ee728b)  -> (artifact id: 'f4f49f855d705d9a1a1ec506d1008123') in 0,004026 seconds
  Import took 0,049115 seconds .

========================================================================
Received Prepare
Registering precompiled user dll's ...
Registered in 0,000692 seconds.
Begin MonoManager ReloadAssembly
Native extension for LinuxStandalone target not found
Refreshing native plugins compatible for Editor in 0,50 ms, found 1 plugins.
Preloading 0 native plugins for Editor in 0,00 ms.
Mono: successfully reloaded assembly
- Completed reload, in  1,011 seconds
Platform modules already initialized, skipping
Refreshing native plugins compatible for Editor in 0,42 ms, found 1 plugins.
Preloading 0 native plugins for Editor in 0,00 ms.
Unloading 1804 Unused Serialized files (Serialized files now loaded: 0)
System memory in use before: 80,5 MB.
System memory in use after: 80,5 MB.

Unloading 12 unused Assets to reduce memory usage. Loaded Objects now: 2279.
Total: 3,626949 ms (FindLiveObjects: 0,218624 ms CreateObjectMapping: 0,062360 ms MarkObjects: 3,189837 ms  DeleteObjects: 0,154328 ms)

========================================================================
Received Prepare
Registering precompiled user dll's ...
Registered in 0,000723 seconds.
Begin MonoManager ReloadAssembly
Native extension for LinuxStandalone target not found
Refreshing native plugins compatible for Editor in 0,34 ms, found 1 plugins.
Preloading 0 native plugins for Editor in 0,00 ms.
Mono: successfully reloaded assembly
- Completed reload, in  0,910 seconds
Platform modules already initialized, skipping
Refreshing native plugins compatible for Editor in 0,54 ms, found 1 plugins.
Preloading 0 native plugins for Editor in 0,00 ms.
Unloading 1804 Unused Serialized files (Serialized files now loaded: 0)
System memory in use before: 80,5 MB.
System memory in use after: 80,5 MB.

Unloading 12 unused Assets to reduce memory usage. Loaded Objects now: 2283.
Total: 3,371784 ms (FindLiveObjects: 0,242863 ms CreateObjectMapping: 0,105190 ms MarkObjects: 2,895022 ms  DeleteObjects: 0,127126 ms)

========================================================================
Received Import Request.
  Time since last request: 532,738304 seconds.
  path: Assets/Scripts/WhaleUp.cs
  artifactKey: Guid(fec42533cf3f353c0bfd89aa76678176) Importer(815301076,1909f56bfc062723c751e8b465ee728b)
Start importing Assets/Scripts/WhaleUp.cs using Guid(fec42533cf3f353c0bfd89aa76678176) Importer(815301076,1909f56bfc062723c751e8b465ee728b)  -> (artifact id: '3a19ce1ce95adf6dff59184c86e74cff') in 0,003149 seconds
  Import took 0,006119 seconds .

========================================================================
Received Prepare
Registering precompiled user dll's ...
Registered in 0,000708 seconds.
Begin MonoManager ReloadAssembly
Native extension for LinuxStandalone target not found
Refreshing native plugins compatible for Editor in 0,34 ms, found 1 plugins.
Preloading 0 native plugins for Editor in 0,00 ms.
Mono: successfully reloaded assembly
- Completed reload, in  0,911 seconds
Platform modules already initialized, skipping
Refreshing native plugins compatible for Editor in 0,45 ms, found 1 plugins.
Preloading 0 native plugins for Editor in 0,00 ms.
Unloading 1804 Unused Serialized files (Serialized files now loaded: 0)
System memory in use before: 80,5 MB.
System memory in use after: 80,5 MB.

Unloading 12 unused Assets to reduce memory usage. Loaded Objects now: 2287.
Total: 3,139691 ms (FindLiveObjects: 0,242287 ms CreateObjectMapping: 0,078225 ms MarkObjects: 2,689784 ms  DeleteObjects: 0,127348 ms)

========================================================================
Received Prepare
Registering precompiled user dll's ...
Registered in 0,000907 seconds.
Begin MonoManager ReloadAssembly
Native extension for LinuxStandalone target not found
Refreshing native plugins compatible for Editor in 0,45 ms, found 1 plugins.
Preloading 0 native plugins for Editor in 0,00 ms.
Mono: successfully reloaded assembly
- Completed reload, in  1,296 seconds
Platform modules already initialized, skipping
Refreshing native plugins compatible for Editor in 0,40 ms, found 1 plugins.
Preloading 0 native plugins for Editor in 0,00 ms.
Unloading 1804 Unused Serialized files (Serialized files now loaded: 0)
System memory in use before: 80,5 MB.
System memory in use after: 80,5 MB.

Unloading 12 unused Assets to reduce memory usage. Loaded Objects now: 2291.
Total: 3,456837 ms (FindLiveObjects: 0,253135 ms CreateObjectMapping: 0,100781 ms MarkObjects: 2,960935 ms  DeleteObjects: 0,140579 ms)

========================================================================
Received Prepare
Registering precompiled user dll's ...
Registered in 0,000897 seconds.
Begin MonoManager ReloadAssembly
Native extension for LinuxStandalone target not found
Refreshing native plugins compatible for Editor in 0,35 ms, found 1 plugins.
Preloading 0 native plugins for Editor in 0,00 ms.
Mono: successfully reloaded assembly
- Completed reload, in  0,928 seconds
Platform modules already initialized, skipping
Refreshing native plugins compatible for Editor in 0,36 ms, found 1 plugins.
Preloading 0 native plugins for Editor in 0,00 ms.
Unloading 1804 Unused Serialized files (Serialized files now loaded: 0)
System memory in use before: 80,5 MB.
System memory in use after: 80,5 MB.

Unloading 12 unused Assets to reduce memory usage. Loaded Objects now: 2295.
Total: 3,229851 ms (FindLiveObjects: 0,220792 ms CreateObjectMapping: 0,076938 ms MarkObjects: 2,803193 ms  DeleteObjects: 0,127385 ms)

========================================================================
Received Import Request.
  Time since last request: 943,979773 seconds.
  path: Assets/Scripts/Pipe.cs
  artifactKey: Guid(1d72433c75a9caa97a93fea931a59512) Importer(815301076,1909f56bfc062723c751e8b465ee728b)
Start importing Assets/Scripts/Pipe.cs using Guid(1d72433c75a9caa97a93fea931a59512) Importer(815301076,1909f56bfc062723c751e8b465ee728b)  -> (artifact id: '7bf50dae22f01dc3c951d319e2afdf0d') in 0,004041 seconds
  Import took 0,007495 seconds .

========================================================================
Received Prepare
Registering precompiled user dll's ...
Registered in 0,000711 seconds.
Begin MonoManager ReloadAssembly
Native extension for LinuxStandalone target not found
Refreshing native plugins compatible for Editor in 0,38 ms, found 1 plugins.
Preloading 0 native plugins for Editor in 0,00 ms.
Mono: successfully reloaded assembly
- Completed reload, in  0,991 seconds
Platform modules already initialized, skipping
Refreshing native plugins compatible for Editor in 0,35 ms, found 1 plugins.
Preloading 0 native plugins for Editor in 0,00 ms.
Unloading 1805 Unused Serialized files (Serialized files now loaded: 0)
System memory in use before: 80,5 MB.
System memory in use after: 80,5 MB.

Unloading 12 unused Assets to reduce memory usage. Loaded Objects now: 2300.
Total: 2,914777 ms (FindLiveObjects: 0,200955 ms CreateObjectMapping: 0,069677 ms MarkObjects: 2,511976 ms  DeleteObjects: 0,130802 ms)

========================================================================
Received Prepare
Registering precompiled user dll's ...
Registered in 0,005990 seconds.
Begin MonoManager ReloadAssembly
Native extension for LinuxStandalone target not found
Refreshing native plugins compatible for Editor in 0,38 ms, found 1 plugins.
Preloading 0 native plugins for Editor in 0,00 ms.
Mono: successfully reloaded assembly
- Completed reload, in  1,024 seconds
Platform modules already initialized, skipping
Refreshing native plugins compatible for Editor in 1,04 ms, found 1 plugins.
Preloading 0 native plugins for Editor in 0,00 ms.
Unloading 1805 Unused Serialized files (Serialized files now loaded: 0)
System memory in use before: 80,6 MB.
System memory in use after: 80,5 MB.

Unloading 12 unused Assets to reduce memory usage. Loaded Objects now: 2304.
Total: 10,832172 ms (FindLiveObjects: 0,563763 ms CreateObjectMapping: 0,295214 ms MarkObjects: 9,589743 ms  DeleteObjects: 0,377311 ms)

========================================================================
Received Import Request.
  Time since last request: 238,661882 seconds.
  path: Assets/Scripts/Pipe.cs
  artifactKey: Guid(1d72433c75a9caa97a93fea931a59512) Importer(815301076,1909f56bfc062723c751e8b465ee728b)
Start importing Assets/Scripts/Pipe.cs using Guid(1d72433c75a9caa97a93fea931a59512) Importer(815301076,1909f56bfc062723c751e8b465ee728b)  -> (artifact id: '9592b2fc6c3576336cf20c1c0bb2cb6a') in 0,010957 seconds
  Import took 0,021221 seconds .

========================================================================
Received Prepare
Registering precompiled user dll's ...
Registered in 0,000750 seconds.
Begin MonoManager ReloadAssembly
Native extension for LinuxStandalone target not found
Refreshing native plugins compatible for Editor in 0,35 ms, found 1 plugins.
Preloading 0 native plugins for Editor in 0,00 ms.
Mono: successfully reloaded assembly
- Completed reload, in  0,845 seconds
Platform modules already initialized, skipping
Refreshing native plugins compatible for Editor in 0,35 ms, found 1 plugins.
Preloading 0 native plugins for Editor in 0,00 ms.
Unloading 1805 Unused Serialized files (Serialized files now loaded: 0)
System memory in use before: 80,6 MB.
System memory in use after: 80,5 MB.

Unloading 12 unused Assets to reduce memory usage. Loaded Objects now: 2308.
Total: 3,012075 ms (FindLiveObjects: 0,211091 ms CreateObjectMapping: 0,070671 ms MarkObjects: 2,609255 ms  DeleteObjects: 0,119423 ms)

========================================================================
Received Prepare
Registering precompiled user dll's ...
Registered in 0,000899 seconds.
Begin MonoManager ReloadAssembly
Native extension for LinuxStandalone target not found
Refreshing native plugins compatible for Editor in 0,43 ms, found 1 plugins.
Preloading 0 native plugins for Editor in 0,00 ms.
Mono: successfully reloaded assembly
- Completed reload, in  0,934 seconds
Platform modules already initialized, skipping
Refreshing native plugins compatible for Editor in 0,36 ms, found 1 plugins.
Preloading 0 native plugins for Editor in 0,00 ms.
Unloading 1805 Unused Serialized files (Serialized files now loaded: 0)
System memory in use before: 80,6 MB.
System memory in use after: 80,6 MB.

Unloading 12 unused Assets to reduce memory usage. Loaded Objects now: 2312.
Total: 2,911222 ms (FindLiveObjects: 0,211195 ms CreateObjectMapping: 0,064916 ms MarkObjects: 2,516034 ms  DeleteObjects: 0,117795 ms)

========================================================================
Received Import Request.
  Time since last request: 369,462039 seconds.
  path: Assets/Scripts/PipeSpawner.cs
  artifactKey: Guid(68cda11d44308dbbb8714e4516ddd954) Importer(815301076,1909f56bfc062723c751e8b465ee728b)
Start importing Assets/Scripts/PipeSpawner.cs using Guid(68cda11d44308dbbb8714e4516ddd954) Importer(815301076,1909f56bfc062723c751e8b465ee728b)  -> (artifact id: '7da2116b2655ef58ac95eecbeac0d1d1') in 0,004408 seconds
  Import took 0,008357 seconds .

========================================================================
Received Prepare
Registering precompiled user dll's ...
Registered in 0,000703 seconds.
Begin MonoManager ReloadAssembly
Native extension for LinuxStandalone target not found
Refreshing native plugins compatible for Editor in 0,38 ms, found 1 plugins.
Preloading 0 native plugins for Editor in 0,00 ms.
Mono: successfully reloaded assembly
- Completed reload, in  0,895 seconds
Platform modules already initialized, skipping
Refreshing native plugins compatible for Editor in 0,33 ms, found 1 plugins.
Preloading 0 native plugins for Editor in 0,00 ms.
Unloading 1806 Unused Serialized files (Serialized files now loaded: 0)
System memory in use before: 80,6 MB.
System memory in use after: 80,6 MB.

Unloading 12 unused Assets to reduce memory usage. Loaded Objects now: 2317.
Total: 2,918368 ms (FindLiveObjects: 0,179322 ms CreateObjectMapping: 0,056462 ms MarkObjects: 2,560330 ms  DeleteObjects: 0,120215 ms)

========================================================================
Received Import Request.
  Time since last request: 445,090027 seconds.
  path: Assets/Scripts/PipeSpawner.cs
  artifactKey: Guid(68cda11d44308dbbb8714e4516ddd954) Importer(815301076,1909f56bfc062723c751e8b465ee728b)
Start importing Assets/Scripts/PipeSpawner.cs using Guid(68cda11d44308dbbb8714e4516ddd954) Importer(815301076,1909f56bfc062723c751e8b465ee728b)  -> (artifact id: '8d7c1169c8c7c2bfc624e50d05da1a00') in 0,004207 seconds
  Import took 0,008525 seconds .

========================================================================
Received Prepare
Registering precompiled user dll's ...
Registered in 0,000803 seconds.
Begin MonoManager ReloadAssembly
Native extension for LinuxStandalone target not found
Refreshing native plugins compatible for Editor in 0,45 ms, found 1 plugins.
Preloading 0 native plugins for Editor in 0,00 ms.
Mono: successfully reloaded assembly
- Completed reload, in  1,140 seconds
Platform modules already initialized, skipping
Refreshing native plugins compatible for Editor in 0,38 ms, found 1 plugins.
Preloading 0 native plugins for Editor in 0,00 ms.
Unloading 1806 Unused Serialized files (Serialized files now loaded: 0)
System memory in use before: 80,6 MB.
System memory in use after: 80,6 MB.

Unloading 12 unused Assets to reduce memory usage. Loaded Objects now: 2321.
Total: 3,849440 ms (FindLiveObjects: 0,309486 ms CreateObjectMapping: 0,088193 ms MarkObjects: 3,269876 ms  DeleteObjects: 0,179985 ms)

========================================================================
Received Import Request.
  Time since last request: 82,610060 seconds.
  path: Assets/Scripts/PipeSpawner.cs
  artifactKey: Guid(68cda11d44308dbbb8714e4516ddd954) Importer(815301076,1909f56bfc062723c751e8b465ee728b)
Start importing Assets/Scripts/PipeSpawner.cs using Guid(68cda11d44308dbbb8714e4516ddd954) Importer(815301076,1909f56bfc062723c751e8b465ee728b)  -> (artifact id: 'f9426692964a72e561b9c99c09d26e01') in 0,004367 seconds
  Import took 0,008333 seconds .

========================================================================
Received Import Request.
  Time since last request: 85,843174 seconds.
  path: Assets/Prefabs
  artifactKey: Guid(35e5141024bf678ebb3f6ac390c943c1) Importer(815301076,1909f56bfc062723c751e8b465ee728b)
Start importing Assets/Prefabs using Guid(35e5141024bf678ebb3f6ac390c943c1) Importer(815301076,1909f56bfc062723c751e8b465ee728b)  -> (artifact id: 'd4c97aaef5f2a394725b5572a51b9fb3') in 0,001097 seconds
  Import took 0,004913 seconds .

========================================================================
Received Import Request.
  Time since last request: 18,239844 seconds.
  path: Assets/Prefabs/Pipe.prefab
  artifactKey: Guid(471f86117a5aef1b2bef995360d0e724) Importer(815301076,1909f56bfc062723c751e8b465ee728b)
Start importing Assets/Prefabs/Pipe.prefab using Guid(471f86117a5aef1b2bef995360d0e724) Importer(815301076,1909f56bfc062723c751e8b465ee728b)  -> (artifact id: '616864468c09d7d64c1157fbd53ffcbe') in 0,816269 seconds
  Import took 0,820270 seconds .

========================================================================
Received Prepare
Registering precompiled user dll's ...
Registered in 0,000867 seconds.
Begin MonoManager ReloadAssembly
Native extension for LinuxStandalone target not found
Refreshing native plugins compatible for Editor in 0,40 ms, found 1 plugins.
Preloading 0 native plugins for Editor in 0,00 ms.
Mono: successfully reloaded assembly
- Completed reload, in  1,111 seconds
Platform modules already initialized, skipping
Refreshing native plugins compatible for Editor in 0,68 ms, found 1 plugins.
Preloading 0 native plugins for Editor in 0,00 ms.
Unloading 1806 Unused Serialized files (Serialized files now loaded: 0)
System memory in use before: 80,6 MB.
System memory in use after: 80,6 MB.

Unloading 12 unused Assets to reduce memory usage. Loaded Objects now: 2330.
Total: 3,920039 ms (FindLiveObjects: 0,273390 ms CreateObjectMapping: 0,088566 ms MarkObjects: 3,389395 ms  DeleteObjects: 0,165910 ms)

========================================================================
Received Prepare
Registering precompiled user dll's ...
Registered in 0,001017 seconds.
Begin MonoManager ReloadAssembly
Native extension for LinuxStandalone target not found
Refreshing native plugins compatible for Editor in 0,89 ms, found 1 plugins.
Preloading 0 native plugins for Editor in 0,00 ms.
Mono: successfully reloaded assembly
- Completed reload, in  1,116 seconds
Platform modules already initialized, skipping
Refreshing native plugins compatible for Editor in 0,55 ms, found 1 plugins.
Preloading 0 native plugins for Editor in 0,00 ms.
Unloading 1806 Unused Serialized files (Serialized files now loaded: 0)
System memory in use before: 80,6 MB.
System memory in use after: 80,6 MB.

Unloading 12 unused Assets to reduce memory usage. Loaded Objects now: 2334.
Total: 3,584436 ms (FindLiveObjects: 0,230665 ms CreateObjectMapping: 0,084406 ms MarkObjects: 3,126070 ms  DeleteObjects: 0,141861 ms)

========================================================================
Received Import Request.
  Time since last request: 586,037791 seconds.
  path: Assets/Prefabs/Pipe.prefab
  artifactKey: Guid(471f86117a5aef1b2bef995360d0e724) Importer(815301076,1909f56bfc062723c751e8b465ee728b)
Start importing Assets/Prefabs/Pipe.prefab using Guid(471f86117a5aef1b2bef995360d0e724) Importer(815301076,1909f56bfc062723c751e8b465ee728b)  -> (artifact id: 'ea59557171d0025188c1f94a16b390aa') in 0,081621 seconds
  Import took 0,085587 seconds .

========================================================================
Received Import Request.
  Time since last request: 24,729484 seconds.
  path: Assets/Prefabs/Pipe.prefab
  artifactKey: Guid(471f86117a5aef1b2bef995360d0e724) Importer(815301076,1909f56bfc062723c751e8b465ee728b)
Start importing Assets/Prefabs/Pipe.prefab using Guid(471f86117a5aef1b2bef995360d0e724) Importer(815301076,1909f56bfc062723c751e8b465ee728b)  -> (artifact id: 'be5ae073bd865ce6d468d93ec3f708c6') in 0,013281 seconds
  Import took 0,017616 seconds .

========================================================================
Received Import Request.
  Time since last request: 1,832816 seconds.
  path: Assets/Prefabs/Pipe.prefab
  artifactKey: Guid(471f86117a5aef1b2bef995360d0e724) Importer(815301076,1909f56bfc062723c751e8b465ee728b)
Start importing Assets/Prefabs/Pipe.prefab using Guid(471f86117a5aef1b2bef995360d0e724) Importer(815301076,1909f56bfc062723c751e8b465ee728b)  -> (artifact id: 'aeeec10ba0a3defab22bfe9f68454cfd') in 0,025973 seconds
  Import took 0,029857 seconds .

========================================================================
Received Import Request.
  Time since last request: 64,956028 seconds.
  path: Assets/Prefabs/Pipe.prefab
  artifactKey: Guid(471f86117a5aef1b2bef995360d0e724) Importer(815301076,1909f56bfc062723c751e8b465ee728b)
Start importing Assets/Prefabs/Pipe.prefab using Guid(471f86117a5aef1b2bef995360d0e724) Importer(815301076,1909f56bfc062723c751e8b465ee728b)  -> (artifact id: '62fcb40b9b72c7d748b5daf1f8192051') in 0,011828 seconds
  Import took 0,015569 seconds .

========================================================================
Received Import Request.
  Time since last request: 5,828292 seconds.
  path: Assets/Prefabs/Pipe.prefab
  artifactKey: Guid(471f86117a5aef1b2bef995360d0e724) Importer(815301076,1909f56bfc062723c751e8b465ee728b)
Start importing Assets/Prefabs/Pipe.prefab using Guid(471f86117a5aef1b2bef995360d0e724) Importer(815301076,1909f56bfc062723c751e8b465ee728b)  -> (artifact id: '5456590353578f6333b6438627bc1142') in 0,011123 seconds
  Import took 0,015117 seconds .

========================================================================
Received Import Request.
  Time since last request: 7,762422 seconds.
  path: Assets/Prefabs/Pipe.prefab
  artifactKey: Guid(471f86117a5aef1b2bef995360d0e724) Importer(815301076,1909f56bfc062723c751e8b465ee728b)
Start importing Assets/Prefabs/Pipe.prefab using Guid(471f86117a5aef1b2bef995360d0e724) Importer(815301076,1909f56bfc062723c751e8b465ee728b)  -> (artifact id: 'f3b8d5888ba3f01aead4c8c8f9988428') in 0,012013 seconds
  Import took 0,015716 seconds .

========================================================================
Received Import Request.
  Time since last request: 7,970788 seconds.
  path: Assets/Prefabs/Pipe.prefab
  artifactKey: Guid(471f86117a5aef1b2bef995360d0e724) Importer(815301076,1909f56bfc062723c751e8b465ee728b)
Start importing Assets/Prefabs/Pipe.prefab using Guid(471f86117a5aef1b2bef995360d0e724) Importer(815301076,1909f56bfc062723c751e8b465ee728b)  -> (artifact id: '943111744b0c654ab4e28f184fb8b6fe') in 0,011218 seconds
  Import took 0,015570 seconds .

========================================================================
Received Import Request.
  Time since last request: 7,597738 seconds.
  path: Assets/Prefabs/Pipe.prefab
  artifactKey: Guid(471f86117a5aef1b2bef995360d0e724) Importer(815301076,1909f56bfc062723c751e8b465ee728b)
Start importing Assets/Prefabs/Pipe.prefab using Guid(471f86117a5aef1b2bef995360d0e724) Importer(815301076,1909f56bfc062723c751e8b465ee728b)  -> (artifact id: 'f52d704658b34d05b1e080bbd7873f93') in 0,011703 seconds
  Import took 0,015847 seconds .

========================================================================
Received Import Request.
  Time since last request: 9,610744 seconds.
  path: Assets/Prefabs/Pipe.prefab
  artifactKey: Guid(471f86117a5aef1b2bef995360d0e724) Importer(815301076,1909f56bfc062723c751e8b465ee728b)
Start importing Assets/Prefabs/Pipe.prefab using Guid(471f86117a5aef1b2bef995360d0e724) Importer(815301076,1909f56bfc062723c751e8b465ee728b)  -> (artifact id: '57a519fc2646ed32f153251c3862aac0') in 0,011788 seconds
  Import took 0,015410 seconds .

========================================================================
Received Import Request.
  Time since last request: 3,582976 seconds.
  path: Assets/Prefabs/Pipe.prefab
  artifactKey: Guid(471f86117a5aef1b2bef995360d0e724) Importer(815301076,1909f56bfc062723c751e8b465ee728b)
Start importing Assets/Prefabs/Pipe.prefab using Guid(471f86117a5aef1b2bef995360d0e724) Importer(815301076,1909f56bfc062723c751e8b465ee728b)  -> (artifact id: 'f8ea4f389c1295087ba944555c1dbd5b') in 0,012787 seconds
  Import took 0,016664 seconds .

========================================================================
Received Import Request.
  Time since last request: 16,065111 seconds.
  path: Assets/Prefabs/Pipe.prefab
  artifactKey: Guid(471f86117a5aef1b2bef995360d0e724) Importer(815301076,1909f56bfc062723c751e8b465ee728b)
Start importing Assets/Prefabs/Pipe.prefab using Guid(471f86117a5aef1b2bef995360d0e724) Importer(815301076,1909f56bfc062723c751e8b465ee728b)  -> (artifact id: '8ccac1c74f2492effb623feb90f3ab6d') in 0,011980 seconds
  Import took 0,015902 seconds .

========================================================================
Received Import Request.
  Time since last request: 231,164825 seconds.
  path: Assets/Prefabs/Pipe.prefab
  artifactKey: Guid(471f86117a5aef1b2bef995360d0e724) Importer(815301076,1909f56bfc062723c751e8b465ee728b)
Start importing Assets/Prefabs/Pipe.prefab using Guid(471f86117a5aef1b2bef995360d0e724) Importer(815301076,1909f56bfc062723c751e8b465ee728b)  -> (artifact id: '6e4f63bbf00918e7c5dfec02d033080f') in 0,016597 seconds
  Import took 0,021116 seconds .

========================================================================
Received Import Request.
  Time since last request: 5,893937 seconds.
  path: Assets/Prefabs/Pipe.prefab
  artifactKey: Guid(471f86117a5aef1b2bef995360d0e724) Importer(815301076,1909f56bfc062723c751e8b465ee728b)
Start importing Assets/Prefabs/Pipe.prefab using Guid(471f86117a5aef1b2bef995360d0e724) Importer(815301076,1909f56bfc062723c751e8b465ee728b)  -> (artifact id: 'ca0fb47607faa32f0b0bbcb219225938') in 0,013887 seconds
  Import took 0,018533 seconds .

========================================================================
Received Prepare
Registering precompiled user dll's ...
Registered in 0,012719 seconds.
Begin MonoManager ReloadAssembly
Native extension for LinuxStandalone target not found
Refreshing native plugins compatible for Editor in 0,61 ms, found 1 plugins.
Preloading 0 native plugins for Editor in 0,00 ms.
Mono: successfully reloaded assembly
- Completed reload, in  1,737 seconds
Platform modules already initialized, skipping
Refreshing native plugins compatible for Editor in 0,70 ms, found 1 plugins.
Preloading 0 native plugins for Editor in 0,00 ms.
Unloading 1806 Unused Serialized files (Serialized files now loaded: 0)
System memory in use before: 80,7 MB.
System memory in use after: 80,7 MB.

Unloading 12 unused Assets to reduce memory usage. Loaded Objects now: 2339.
Total: 5,034790 ms (FindLiveObjects: 0,339963 ms CreateObjectMapping: 0,126764 ms MarkObjects: 4,363117 ms  DeleteObjects: 0,202132 ms)

========================================================================
Received Prepare
Registering precompiled user dll's ...
Registered in 0,001278 seconds.
Begin MonoManager ReloadAssembly
Native extension for LinuxStandalone target not found
Refreshing native plugins compatible for Editor in 0,59 ms, found 1 plugins.
Preloading 0 native plugins for Editor in 0,00 ms.
Mono: successfully reloaded assembly
- Completed reload, in  1,724 seconds
Platform modules already initialized, skipping
Refreshing native plugins compatible for Editor in 0,54 ms, found 1 plugins.
Preloading 0 native plugins for Editor in 0,00 ms.
Unloading 1806 Unused Serialized files (Serialized files now loaded: 0)
System memory in use before: 80,7 MB.
System memory in use after: 80,7 MB.

Unloading 12 unused Assets to reduce memory usage. Loaded Objects now: 2343.
Total: 4,908808 ms (FindLiveObjects: 0,328381 ms CreateObjectMapping: 0,110955 ms MarkObjects: 4,268764 ms  DeleteObjects: 0,198274 ms)

========================================================================
Received Prepare
Registering precompiled user dll's ...
Registered in 0,001294 seconds.
Begin MonoManager ReloadAssembly
Native extension for LinuxStandalone target not found
Refreshing native plugins compatible for Editor in 0,56 ms, found 1 plugins.
Preloading 0 native plugins for Editor in 0,00 ms.
Mono: successfully reloaded assembly
- Completed reload, in  1,739 seconds
Platform modules already initialized, skipping
Refreshing native plugins compatible for Editor in 0,57 ms, found 1 plugins.
Preloading 0 native plugins for Editor in 0,00 ms.
Unloading 1806 Unused Serialized files (Serialized files now loaded: 0)
System memory in use before: 80,7 MB.
System memory in use after: 80,7 MB.

Unloading 12 unused Assets to reduce memory usage. Loaded Objects now: 2347.
Total: 5,281831 ms (FindLiveObjects: 0,341725 ms CreateObjectMapping: 0,122212 ms MarkObjects: 4,605499 ms  DeleteObjects: 0,209359 ms)

========================================================================
Received Prepare
Registering precompiled user dll's ...
Registered in 0,001289 seconds.
Begin MonoManager ReloadAssembly
Native extension for LinuxStandalone target not found
Refreshing native plugins compatible for Editor in 0,58 ms, found 1 plugins.
Preloading 0 native plugins for Editor in 0,00 ms.
Mono: successfully reloaded assembly
- Completed reload, in  1,721 seconds
Platform modules already initialized, skipping
Refreshing native plugins compatible for Editor in 0,55 ms, found 1 plugins.
Preloading 0 native plugins for Editor in 0,00 ms.
Unloading 1806 Unused Serialized files (Serialized files now loaded: 0)
System memory in use before: 80,7 MB.
System memory in use after: 80,7 MB.

Unloading 12 unused Assets to reduce memory usage. Loaded Objects now: 2351.
Total: 5,062720 ms (FindLiveObjects: 0,338843 ms CreateObjectMapping: 0,125621 ms MarkObjects: 4,396907 ms  DeleteObjects: 0,198673 ms)

========================================================================
Received Prepare
Registering precompiled user dll's ...
Registered in 0,001226 seconds.
Begin MonoManager ReloadAssembly
Native extension for LinuxStandalone target not found
Refreshing native plugins compatible for Editor in 0,57 ms, found 1 plugins.
Preloading 0 native plugins for Editor in 0,00 ms.
Mono: successfully reloaded assembly
- Completed reload, in  1,714 seconds
Platform modules already initialized, skipping
Refreshing native plugins compatible for Editor in 0,59 ms, found 1 plugins.
Preloading 0 native plugins for Editor in 0,00 ms.
Unloading 1806 Unused Serialized files (Serialized files now loaded: 0)
System memory in use before: 80,7 MB.
System memory in use after: 80,7 MB.

Unloading 12 unused Assets to reduce memory usage. Loaded Objects now: 2355.
Total: 5,077311 ms (FindLiveObjects: 0,358090 ms CreateObjectMapping: 0,132571 ms MarkObjects: 4,383096 ms  DeleteObjects: 0,201114 ms)

AssetImportWorkerClient::OnTransportError - code=2 error=End of file
